# JRE version: OpenJDK Runtime Environment (8.0_144-b01) (build 1.8.0_144-b01)
# Java VM: OpenJDK 64-Bit Server VM (25.144-b01 mixed mode linux-amd64 compressed oops)
Heap:
 PSYoungGen      total 130048K, used 4192K [0x00000000ebf00000, 0x00000000f4d80000, 0x0000000100000000)
  eden space 114176K, 0% used [0x00000000ebf00000,0x00000000ebf00000,0x00000000f2e80000)
  from space 15872K, 26% used [0x00000000f2e80000,0x00000000f3298000,0x00000000f3e00000)
  to   space 15872K, 0% used [0x00000000f3e00000,0x00000000f3e00000,0x00000000f4d80000)
 ParOldGen       total 43520K, used 34874K [0x00000000c3c00000, 0x00000000c6680000, 0x00000000ebf00000)
  object space 43520K, 80% used [0x00000000c3c00000,0x00000000c5e0eb40,0x00000000c6680000)
 Metaspace       used 2872K, capacity 4664K, committed 4864K, reserved 1056768K
  class space    used 292K, capacity 424K, committed 512K, reserved 1048576K
GC Heap History (10 events):
Event: 430,113 GC heap after
Heap after GC invocations=1197 (full 1):
 PSYoungGen      total 102400K, used 5952K [0x00000000ebf00000, 0x00000000f3300000, 0x0000000100000000)
  eden space 87040K, 0% used [0x00000000ebf00000,0x00000000ebf00000,0x00000000f1400000)
  from space 15360K, 38% used [0x00000000f2400000,0x00000000f29d0000,0x00000000f3300000)
  to   space 15872K, 0% used [0x00000000f1400000,0x00000000f1400000,0x00000000f2380000)
 ParOldGen       total 43520K, used 34874K [0x00000000c3c00000, 0x00000000c6680000, 0x00000000ebf00000)
  object space 43520K, 80% used [0x00000000c3c00000,0x00000000c5e0eb40,0x00000000c6680000)
 Metaspace       used 2872K, capacity 4664K, committed 4864K, reserved 1056768K
  class space    used 292K, capacity 424K, committed 512K, reserved 1048576K
}
Event: 431,238 GC heap before
{Heap before GC invocations=1198 (full 1):
 PSYoungGen      total 102400K, used 92992K [0x00000000ebf00000, 0x00000000f3300000, 0x0000000100000000)
  eden space 87040K, 100% used [0x00000000ebf00000,0x00000000f1400000,0x00000000f1400000)
  from space 15360K, 38% used [0x00000000f2400000,0x00000000f29d0000,0x00000000f3300000)
  to   space 15872K, 0% used [0x00000000f1400000,0x00000000f1400000,0x00000000f2380000)
 ParOldGen       total 43520K, used 34874K [0x00000000c3c00000, 0x00000000c6680000, 0x00000000ebf00000)
  object space 43520K, 80% used [0x00000000c3c00000,0x00000000c5e0eb40,0x00000000c6680000)
 Metaspace       used 2872K, capacity 4664K, committed 4864K, reserved 1056768K
  class space    used 292K, capacity 424K, committed 512K, reserved 1048576K
Event: 431,253 GC heap after
Heap after GC invocations=1198 (full 1):
 PSYoungGen      total 102912K, used 13504K [0x00000000ebf00000, 0x00000000f4180000, 0x0000000100000000)
  eden space 87040K, 0% used [0x00000000ebf00000,0x00000000ebf00000,0x00000000f1400000)
  from space 15872K, 85% used [0x00000000f1400000,0x00000000f2130000,0x00000000f2380000)
  to   space 17408K, 0% used [0x00000000f3080000,0x00000000f3080000,0x00000000f4180000)
 ParOldGen       total 43520K, used 34874K [0x00000000c3c00000, 0x00000000c6680000, 0x00000000ebf00000)
  object space 43520K, 80% used [0x00000000c3c00000,0x00000000c5e0eb40,0x00000000c6680000)
 Metaspace       used 2872K, capacity 4664K, committed 4864K, reserved 1056768K
  class space    used 292K, capacity 424K, committed 512K, reserved 1048576K
}
Event: 432,259 GC heap before
{Heap before GC invocations=1199 (full 1):
 PSYoungGen      total 102912K, used 100544K [0x00000000ebf00000, 0x00000000f4180000, 0x0000000100000000)
  eden space 87040K, 100% used [0x00000000ebf00000,0x00000000f1400000,0x00000000f1400000)
  from space 15872K, 85% used [0x00000000f1400000,0x00000000f2130000,0x00000000f2380000)
  to   space 17408K, 0% used [0x00000000f3080000,0x00000000f3080000,0x00000000f4180000)
 ParOldGen       total 43520K, used 34874K [0x00000000c3c00000, 0x00000000c6680000, 0x00000000ebf00000)
  object space 43520K, 80% used [0x00000000c3c00000,0x00000000c5e0eb40,0x00000000c6680000)
 Metaspace       used 2872K, capacity 4664K, committed 4864K, reserved 1056768K
  class space    used 292K, capacity 424K, committed 512K, reserved 1048576K
Event: 432,284 GC heap after
Heap after GC invocations=1199 (full 1):
 PSYoungGen      total 114176K, used 4576K [0x00000000ebf00000, 0x00000000f4000000, 0x0000000100000000)
  eden space 98304K, 0% used [0x00000000ebf00000,0x00000000ebf00000,0x00000000f1f00000)
  from space 15872K, 28% used [0x00000000f3080000,0x00000000f34f8000,0x00000000f4000000)
  to   space 16896K, 0% used [0x00000000f1f00000,0x00000000f1f00000,0x00000000f2f80000)
 ParOldGen       total 43520K, used 34874K [0x00000000c3c00000, 0x00000000c6680000, 0x00000000ebf00000)
  object space 43520K, 80% used [0x00000000c3c00000,0x00000000c5e0eb40,0x00000000c6680000)
 Metaspace       used 2872K, capacity 4664K, committed 4864K, reserved 1056768K
  class space    used 292K, capacity 424K, committed 512K, reserved 1048576K
}
Event: 433,499 GC heap before
{Heap before GC invocations=1200 (full 1):
 PSYoungGen      total 114176K, used 102880K [0x00000000ebf00000, 0x00000000f4000000, 0x0000000100000000)
  eden space 98304K, 100% used [0x00000000ebf00000,0x00000000f1f00000,0x00000000f1f00000)
  from space 15872K, 28% used [0x00000000f3080000,0x00000000f34f8000,0x00000000f4000000)
  to   space 16896K, 0% used [0x00000000f1f00000,0x00000000f1f00000,0x00000000f2f80000)
 ParOldGen       total 43520K, used 34874K [0x00000000c3c00000, 0x00000000c6680000, 0x00000000ebf00000)
  object space 43520K, 80% used [0x00000000c3c00000,0x00000000c5e0eb40,0x00000000c6680000)
 Metaspace       used 2872K, capacity 4664K, committed 4864K, reserved 1056768K
  class space    used 292K, capacity 424K, committed 512K, reserved 1048576K
Event: 433,641 GC heap after
Heap after GC invocations=1200 (full 1):
 PSYoungGen      total 115200K, used 7136K [0x00000000ebf00000, 0x00000000f4e00000, 0x0000000100000000)
  eden space 98304K, 0% used [0x00000000ebf00000,0x00000000ebf00000,0x00000000f1f00000)
  from space 16896K, 42% used [0x00000000f1f00000,0x00000000f25f8000,0x00000000f2f80000)
  to   space 16384K, 0% used [0x00000000f3e00000,0x00000000f3e00000,0x00000000f4e00000)
 ParOldGen       total 43520K, used 34874K [0x00000000c3c00000, 0x00000000c6680000, 0x00000000ebf00000)
  object space 43520K, 80% used [0x00000000c3c00000,0x00000000c5e0eb40,0x00000000c6680000)
 Metaspace       used 2872K, capacity 4664K, committed 4864K, reserved 1056768K
  class space    used 292K, capacity 424K, committed 512K, reserved 1048576K
}
Event: 435,024 GC heap before
{Heap before GC invocations=1201 (full 1):
 PSYoungGen      total 115200K, used 105440K [0x00000000ebf00000, 0x00000000f4e00000, 0x0000000100000000)
  eden space 98304K, 100% used [0x00000000ebf00000,0x00000000f1f00000,0x00000000f1f00000)
  from space 16896K, 42% used [0x00000000f1f00000,0x00000000f25f8000,0x00000000f2f80000)
  to   space 16384K, 0% used [0x00000000f3e00000,0x00000000f3e00000,0x00000000f4e00000)
 ParOldGen       total 43520K, used 34874K [0x00000000c3c00000, 0x00000000c6680000, 0x00000000ebf00000)
  object space 43520K, 80% used [0x00000000c3c00000,0x00000000c5e0eb40,0x00000000c6680000)
 Metaspace       used 2872K, capacity 4664K, committed 4864K, reserved 1056768K
  class space    used 292K, capacity 424K, committed 512K, reserved 1048576K
Event: 435,363 GC heap after
Heap after GC invocations=1201 (full 1):
 PSYoungGen      total 130048K, used 9728K [0x00000000ebf00000, 0x00000000f4d80000, 0x0000000100000000)
  eden space 114176K, 0% used [0x00000000ebf00000,0x00000000ebf00000,0x00000000f2e80000)
  from space 15872K, 61% used [0x00000000f3e00000,0x00000000f4780000,0x00000000f4d80000)
  to   space 15872K, 0% used [0x00000000f2e80000,0x00000000f2e80000,0x00000000f3e00000)
 ParOldGen       total 43520K, used 34874K [0x00000000c3c00000, 0x00000000c6680000, 0x00000000ebf00000)
  object space 43520K, 80% used [0x00000000c3c00000,0x00000000c5e0eb40,0x00000000c6680000)
 Metaspace       used 2872K, capacity 4664K, committed 4864K, reserved 1056768K
  class space    used 292K, capacity 424K, committed 512K, reserved 1048576K
}
Event: 451,996 GC heap before
{Heap before GC invocations=1202 (full 1):
 PSYoungGen      total 130048K, used 123904K [0x00000000ebf00000, 0x00000000f4d80000, 0x0000000100000000)
  eden space 114176K, 100% used [0x00000000ebf00000,0x00000000f2e80000,0x00000000f2e80000)
  from space 15872K, 61% used [0x00000000f3e00000,0x00000000f4780000,0x00000000f4d80000)
  to   space 15872K, 0% used [0x00000000f2e80000,0x00000000f2e80000,0x00000000f3e00000)
 ParOldGen       total 43520K, used 34874K [0x00000000c3c00000, 0x00000000c6680000, 0x00000000ebf00000)
  object space 43520K, 80% used [0x00000000c3c00000,0x00000000c5e0eb40,0x00000000c6680000)
 Metaspace       used 2872K, capacity 4664K, committed 4864K, reserved 1056768K
  class space    used 292K, capacity 424K, committed 512K, reserved 1048576K

