# JRE version: OpenJDK Runtime Environment (8.0_144-b01) (build 1.8.0_144-b01)
# Java VM: OpenJDK 64-Bit Server VM (25.144-b01 mixed mode linux-amd64 compressed oops)
Heap:
 PSYoungGen      total 232960K, used 13856K [0x00000000ebf00000, 0x00000000fb680000, 0x0000000100000000)
  eden space 218624K, 0% used [0x00000000ebf00000,0x00000000ebf00000,0x00000000f9480000)
  from space 14336K, 96% used [0x00000000fa880000,0x00000000fb608000,0x00000000fb680000)
  to   space 10752K, 0% used [0x00000000f9e00000,0x00000000f9e00000,0x00000000fa880000)
 ParOldGen       total 45056K, used 19505K [0x00000000c3c00000, 0x00000000c6800000, 0x00000000ebf00000)
  object space 45056K, 43% used [0x00000000c3c00000,0x00000000c4f0c510,0x00000000c6800000)
 Metaspace       used 2917K, capacity 4664K, committed 4864K, reserved 1056768K
  class space    used 292K, capacity 424K, committed 512K, reserved 1048576K
GC Heap History (10 events):
Event: 2664,094 GC heap after
Heap after GC invocations=5262 (full 5):
 PSYoungGen      total 188416K, used 8608K [0x00000000ebf00000, 0x00000000fa600000, 0x0000000100000000)
  eden space 169472K, 0% used [0x00000000ebf00000,0x00000000ebf00000,0x00000000f6480000)
  from space 18944K, 45% used [0x00000000f6480000,0x00000000f6ce8000,0x00000000f7700000)
  to   space 18432K, 0% used [0x00000000f9400000,0x00000000f9400000,0x00000000fa600000)
 ParOldGen       total 45056K, used 19290K [0x00000000c3c00000, 0x00000000c6800000, 0x00000000ebf00000)
  object space 45056K, 42% used [0x00000000c3c00000,0x00000000c4ed69e0,0x00000000c6800000)
 Metaspace       used 2917K, capacity 4664K, committed 4864K, reserved 1056768K
  class space    used 292K, capacity 424K, committed 512K, reserved 1048576K
}
Event: 2666,745 GC heap before
{Heap before GC invocations=5263 (full 5):
 PSYoungGen      total 188416K, used 178080K [0x00000000ebf00000, 0x00000000fa600000, 0x0000000100000000)
  eden space 169472K, 100% used [0x00000000ebf00000,0x00000000f6480000,0x00000000f6480000)
  from space 18944K, 45% used [0x00000000f6480000,0x00000000f6ce8000,0x00000000f7700000)
  to   space 18432K, 0% used [0x00000000f9400000,0x00000000f9400000,0x00000000fa600000)
 ParOldGen       total 45056K, used 19290K [0x00000000c3c00000, 0x00000000c6800000, 0x00000000ebf00000)
  object space 45056K, 42% used [0x00000000c3c00000,0x00000000c4ed69e0,0x00000000c6800000)
 Metaspace       used 2917K, capacity 4664K, committed 4864K, reserved 1056768K
  class space    used 292K, capacity 424K, committed 512K, reserved 1048576K
Event: 2666,749 GC heap after
Heap after GC invocations=5263 (full 5):
 PSYoungGen      total 216064K, used 2304K [0x00000000ebf00000, 0x00000000fa580000, 0x0000000100000000)
  eden space 198144K, 0% used [0x00000000ebf00000,0x00000000ebf00000,0x00000000f8080000)
  from space 17920K, 12% used [0x00000000f9400000,0x00000000f9640000,0x00000000fa580000)
  to   space 18944K, 0% used [0x00000000f8080000,0x00000000f8080000,0x00000000f9300000)
 ParOldGen       total 45056K, used 19409K [0x00000000c3c00000, 0x00000000c6800000, 0x00000000ebf00000)
  object space 45056K, 43% used [0x00000000c3c00000,0x00000000c4ef4720,0x00000000c6800000)
 Metaspace       used 2917K, capacity 4664K, committed 4864K, reserved 1056768K
  class space    used 292K, capacity 424K, committed 512K, reserved 1048576K
}
Event: 2669,333 GC heap before
{Heap before GC invocations=5264 (full 5):
 PSYoungGen      total 216064K, used 200448K [0x00000000ebf00000, 0x00000000fa580000, 0x0000000100000000)
  eden space 198144K, 100% used [0x00000000ebf00000,0x00000000f8080000,0x00000000f8080000)
  from space 17920K, 12% used [0x00000000f9400000,0x00000000f9640000,0x00000000fa580000)
  to   space 18944K, 0% used [0x00000000f8080000,0x00000000f8080000,0x00000000f9300000)
 ParOldGen       total 45056K, used 19409K [0x00000000c3c00000, 0x00000000c6800000, 0x00000000ebf00000)
  object space 45056K, 43% used [0x00000000c3c00000,0x00000000c4ef4720,0x00000000c6800000)
 Metaspace       used 2917K, capacity 4664K, committed 4864K, reserved 1056768K
  class space    used 292K, capacity 424K, committed 512K, reserved 1048576K
Event: 2669,335 GC heap after
Heap after GC invocations=5264 (full 5):
 PSYoungGen      total 217088K, used 8576K [0x00000000ebf00000, 0x00000000fc280000, 0x0000000100000000)
  eden space 198144K, 0% used [0x00000000ebf00000,0x00000000ebf00000,0x00000000f8080000)
  from space 18944K, 45% used [0x00000000f8080000,0x00000000f88e0000,0x00000000f9300000)
  to   space 17920K, 0% used [0x00000000fb100000,0x00000000fb100000,0x00000000fc280000)
 ParOldGen       total 45056K, used 19409K [0x00000000c3c00000, 0x00000000c6800000, 0x00000000ebf00000)
  object space 45056K, 43% used [0x00000000c3c00000,0x00000000c4ef4720,0x00000000c6800000)
 Metaspace       used 2917K, capacity 4664K, committed 4864K, reserved 1056768K
  class space    used 292K, capacity 424K, committed 512K, reserved 1048576K
}
Event: 2671,338 GC heap before
{Heap before GC invocations=5265 (full 5):
 PSYoungGen      total 217088K, used 206720K [0x00000000ebf00000, 0x00000000fc280000, 0x0000000100000000)
  eden space 198144K, 100% used [0x00000000ebf00000,0x00000000f8080000,0x00000000f8080000)
  from space 18944K, 45% used [0x00000000f8080000,0x00000000f88e0000,0x00000000f9300000)
  to   space 17920K, 0% used [0x00000000fb100000,0x00000000fb100000,0x00000000fc280000)
 ParOldGen       total 45056K, used 19409K [0x00000000c3c00000, 0x00000000c6800000, 0x00000000ebf00000)
  object space 45056K, 43% used [0x00000000c3c00000,0x00000000c4ef4720,0x00000000c6800000)
 Metaspace       used 2917K, capacity 4664K, committed 4864K, reserved 1056768K
  class space    used 292K, capacity 424K, committed 512K, reserved 1048576K
Event: 2671,342 GC heap after
Heap after GC invocations=5265 (full 5):
 PSYoungGen      total 243712K, used 5856K [0x00000000ebf00000, 0x00000000fc000000, 0x0000000100000000)
  eden space 228352K, 0% used [0x00000000ebf00000,0x00000000ebf00000,0x00000000f9e00000)
  from space 15360K, 38% used [0x00000000fb100000,0x00000000fb6b8000,0x00000000fc000000)
  to   space 17408K, 0% used [0x00000000f9e00000,0x00000000f9e00000,0x00000000faf00000)
 ParOldGen       total 45056K, used 19409K [0x00000000c3c00000, 0x00000000c6800000, 0x00000000ebf00000)
  object space 45056K, 43% used [0x00000000c3c00000,0x00000000c4ef4720,0x00000000c6800000)
 Metaspace       used 2917K, capacity 4664K, committed 4864K, reserved 1056768K
  class space    used 292K, capacity 424K, committed 512K, reserved 1048576K
}
Event: 2673,610 GC heap before
{Heap before GC invocations=5266 (full 5):
 PSYoungGen      total 243712K, used 234208K [0x00000000ebf00000, 0x00000000fc000000, 0x0000000100000000)
  eden space 228352K, 100% used [0x00000000ebf00000,0x00000000f9e00000,0x00000000f9e00000)
  from space 15360K, 38% used [0x00000000fb100000,0x00000000fb6b8000,0x00000000fc000000)
  to   space 17408K, 0% used [0x00000000f9e00000,0x00000000f9e00000,0x00000000faf00000)
 ParOldGen       total 45056K, used 19409K [0x00000000c3c00000, 0x00000000c6800000, 0x00000000ebf00000)
  object space 45056K, 43% used [0x00000000c3c00000,0x00000000c4ef4720,0x00000000c6800000)
 Metaspace       used 2917K, capacity 4664K, committed 4864K, reserved 1056768K
  class space    used 292K, capacity 424K, committed 512K, reserved 1048576K
Event: 2673,620 GC heap after
Heap after GC invocations=5266 (full 5):
 PSYoungGen      total 229376K, used 10272K [0x00000000ebf00000, 0x00000000fb680000, 0x0000000100000000)
  eden space 218624K, 0% used [0x00000000ebf00000,0x00000000ebf00000,0x00000000f9480000)
  from space 10752K, 95% used [0x00000000f9e00000,0x00000000fa808000,0x00000000fa880000)
  to   space 14336K, 0% used [0x00000000fa880000,0x00000000fa880000,0x00000000fb680000)
 ParOldGen       total 45056K, used 19505K [0x00000000c3c00000, 0x00000000c6800000, 0x00000000ebf00000)
  object space 45056K, 43% used [0x00000000c3c00000,0x00000000c4f0c510,0x00000000c6800000)
 Metaspace       used 2917K, capacity 4664K, committed 4864K, reserved 1056768K
  class space    used 292K, capacity 424K, committed 512K, reserved 1048576K
}
Event: 2676,272 GC heap before
{Heap before GC invocations=5267 (full 5):
 PSYoungGen      total 229376K, used 228896K [0x00000000ebf00000, 0x00000000fb680000, 0x0000000100000000)
  eden space 218624K, 100% used [0x00000000ebf00000,0x00000000f9480000,0x00000000f9480000)
  from space 10752K, 95% used [0x00000000f9e00000,0x00000000fa808000,0x00000000fa880000)
  to   space 14336K, 0% used [0x00000000fa880000,0x00000000fa880000,0x00000000fb680000)
 ParOldGen       total 45056K, used 19505K [0x00000000c3c00000, 0x00000000c6800000, 0x00000000ebf00000)
  object space 45056K, 43% used [0x00000000c3c00000,0x00000000c4f0c510,0x00000000c6800000)
 Metaspace       used 2917K, capacity 4664K, committed 4864K, reserved 1056768K
  class space    used 292K, capacity 424K, committed 512K, reserved 1048576K

